2019-11-28 13:49:10.491  INFO MILOSG --- [           main] .b.t.c.SpringBootTestContextBootstrapper : Neither @ContextConfiguration nor @ContextHierarchy found for test class [com.milos.releasemicroservice.service.integration.ItemServiceIT], using SpringBootContextLoader
2019-11-28 13:49:10.501  INFO MILOSG --- [           main] o.s.t.c.s.AbstractContextLoader          : Could not detect default resource locations for test class [com.milos.releasemicroservice.service.integration.ItemServiceIT]: no resource found for suffixes {-context.xml, Context.groovy}.
2019-11-28 13:49:10.501  INFO MILOSG --- [           main] t.c.s.AnnotationConfigContextLoaderUtils : Could not detect default configuration classes for test class [com.milos.releasemicroservice.service.integration.ItemServiceIT]: ItemServiceIT does not declare any static, non-private, non-final, nested classes annotated with @Configuration.
2019-11-28 13:49:10.612  INFO MILOSG --- [           main] .b.t.c.SpringBootTestContextBootstrapper : Found @SpringBootConfiguration com.milos.releasemicroservice.ReleaseMicroserviceApplication for test class com.milos.releasemicroservice.service.integration.ItemServiceIT
2019-11-28 13:49:10.695  INFO MILOSG --- [           main] .b.t.c.SpringBootTestContextBootstrapper : Loaded default TestExecutionListener class names from location [META-INF/spring.factories]: [org.springframework.boot.test.mock.mockito.MockitoTestExecutionListener, org.springframework.boot.test.mock.mockito.ResetMocksTestExecutionListener, org.springframework.boot.test.autoconfigure.restdocs.RestDocsTestExecutionListener, org.springframework.boot.test.autoconfigure.web.client.MockRestServiceServerResetTestExecutionListener, org.springframework.boot.test.autoconfigure.web.servlet.MockMvcPrintOnlyOnFailureTestExecutionListener, org.springframework.boot.test.autoconfigure.web.servlet.WebDriverTestExecutionListener, org.springframework.test.context.web.ServletTestExecutionListener, org.springframework.test.context.support.DirtiesContextBeforeModesTestExecutionListener, org.springframework.test.context.support.DependencyInjectionTestExecutionListener, org.springframework.test.context.support.DirtiesContextTestExecutionListener, org.springframework.test.context.transaction.TransactionalTestExecutionListener, org.springframework.test.context.jdbc.SqlScriptsTestExecutionListener, org.springframework.test.context.event.EventPublishingTestExecutionListener]
2019-11-28 13:49:10.714  INFO MILOSG --- [           main] .b.t.c.SpringBootTestContextBootstrapper : Using TestExecutionListeners: [org.springframework.test.context.web.ServletTestExecutionListener@24e8de5c, org.springframework.test.context.support.DirtiesContextBeforeModesTestExecutionListener@64040287, org.springframework.boot.test.mock.mockito.MockitoTestExecutionListener@110844f6, org.springframework.boot.test.autoconfigure.SpringBootDependencyInjectionTestExecutionListener@6f89f665, org.springframework.test.context.support.DirtiesContextTestExecutionListener@df1cff6, org.springframework.test.context.transaction.TransactionalTestExecutionListener@4925f4f5, org.springframework.test.context.jdbc.SqlScriptsTestExecutionListener@1ad926d3, org.springframework.test.context.event.EventPublishingTestExecutionListener@3a43d133, org.springframework.boot.test.mock.mockito.ResetMocksTestExecutionListener@39ce27f2, org.springframework.boot.test.autoconfigure.restdocs.RestDocsTestExecutionListener@5f2afe62, org.springframework.boot.test.autoconfigure.web.client.MockRestServiceServerResetTestExecutionListener@c96a4ea, org.springframework.boot.test.autoconfigure.web.servlet.MockMvcPrintOnlyOnFailureTestExecutionListener@28782602, org.springframework.boot.test.autoconfigure.web.servlet.WebDriverTestExecutionListener@60c16548]
2019-11-28 13:49:11.618  INFO MILOSG --- [           main] trationDelegate$BeanPostProcessorChecker : Bean 'org.springframework.cloud.autoconfigure.ConfigurationPropertiesRebinderAutoConfiguration' of type [org.springframework.cloud.autoconfigure.ConfigurationPropertiesRebinderAutoConfiguration$$EnhancerBySpringCGLIB$$43b5c05f] is not eligible for getting processed by all BeanPostProcessors (for example: not eligible for auto-proxying)
2019-11-28 13:49:12.067  INFO MILOSG --- [           main] c.c.c.ConfigServicePropertySourceLocator : Fetching config from server at : http://localhost:8888
2019-11-28 13:49:12.925  INFO MILOSG --- [           main] c.c.c.ConfigServicePropertySourceLocator : Located environment: name=release-database-microservice, profiles=[default], label=null, version=969599e065dc2961a233941bbcbc94a9dc2dee54, state=null
2019-11-28 13:49:12.926  INFO MILOSG --- [           main] b.c.PropertySourceBootstrapConfiguration : Located property source: OriginTrackedCompositePropertySource {name='configService', propertySources=[MapPropertySource {name='configClient'}, OriginTrackedMapPropertySource {name='file://C:/Users/Milos/Desktop/git-discogs-config-repo/release-database-microservice.properties'}]}
2019-11-28 13:49:12.940  INFO MILOSG --- [           main] c.m.r.s.i.ItemServiceIT                  : The following profiles are active: default
2019-11-28 13:49:13.601  INFO MILOSG --- [           main] .s.d.r.c.RepositoryConfigurationDelegate : Bootstrapping Spring Data repositories in DEFAULT mode.
2019-11-28 13:49:13.754  INFO MILOSG --- [           main] .s.d.r.c.RepositoryConfigurationDelegate : Finished Spring Data repository scanning in 144ms. Found 4 repository interfaces.
2019-11-28 13:49:13.968  INFO MILOSG --- [           main] o.s.c.c.s.GenericScope                   : BeanFactory id=61471b19-5b03-3dcf-b527-8640845b381c
2019-11-28 13:49:14.189  INFO MILOSG --- [           main] trationDelegate$BeanPostProcessorChecker : Bean 'org.springframework.transaction.annotation.ProxyTransactionManagementConfiguration' of type [org.springframework.transaction.annotation.ProxyTransactionManagementConfiguration] is not eligible for getting processed by all BeanPostProcessors (for example: not eligible for auto-proxying)
2019-11-28 13:49:14.234  INFO MILOSG --- [           main] trationDelegate$BeanPostProcessorChecker : Bean 'org.springframework.cloud.autoconfigure.ConfigurationPropertiesRebinderAutoConfiguration' of type [org.springframework.cloud.autoconfigure.ConfigurationPropertiesRebinderAutoConfiguration$$EnhancerBySpringCGLIB$$43b5c05f] is not eligible for getting processed by all BeanPostProcessors (for example: not eligible for auto-proxying)
2019-11-28 13:49:15.035  INFO MILOSG --- [           main] o.h.j.i.u.LogHelper                      : HHH000204: Processing PersistenceUnitInfo [name: persistenceUnit]
2019-11-28 13:49:15.107  INFO MILOSG --- [           main] o.h.Version                              : HHH000412: Hibernate Core {5.4.8.Final}
2019-11-28 13:49:15.246  INFO MILOSG --- [           main] o.h.a.c.Version                          : HCANN000001: Hibernate Commons Annotations {5.1.0.Final}
2019-11-28 13:49:15.563  INFO MILOSG --- [           main] o.h.d.Dialect                            : HHH000400: Using dialect: org.hibernate.dialect.PostgreSQLDialect
2019-11-28 13:49:16.614  INFO MILOSG --- [           main] o.h.e.t.j.p.i.JtaPlatformInitiator       : HHH000490: Using JtaPlatform implementation: [org.hibernate.engine.transaction.jta.platform.internal.NoJtaPlatform]
2019-11-28 13:49:16.620  INFO MILOSG --- [           main] j.LocalContainerEntityManagerFactoryBean : Initialized JPA EntityManagerFactory for persistence unit 'persistenceUnit'
2019-11-28 13:49:17.217  WARN MILOSG --- [           main] JpaBaseConfiguration$JpaWebConfiguration : spring.jpa.open-in-view is enabled by default. Therefore, database queries may be performed during view rendering. Explicitly configure spring.jpa.open-in-view to disable this warning
2019-11-28 13:49:17.414  WARN MILOSG --- [           main] o.s.w.c.s.GenericWebApplicationContext   : Exception encountered during context initialization - cancelling refresh attempt: org.springframework.beans.factory.UnsatisfiedDependencyException: Error creating bean with name 'artistRestController' defined in file [C:\Users\Milos\Desktop\discogs-clone\release-database-microservice\target\classes\com\milos\releasemicroservice\controller\ArtistRestController.class]: Unsatisfied dependency expressed through constructor parameter 0; nested exception is org.springframework.beans.factory.UnsatisfiedDependencyException: Error creating bean with name 'itemServiceImpl' defined in file [C:\Users\Milos\Desktop\discogs-clone\release-database-microservice\target\classes\com\milos\releasemicroservice\service\impl\ItemServiceImpl.class]: Unsatisfied dependency expressed through constructor parameter 5; nested exception is org.springframework.beans.factory.BeanCreationException: Error creating bean with name 'com.milos.releasemicroservice.util.ImageProcessingServiceProxy': FactoryBean threw exception on object creation; nested exception is java.lang.IllegalStateException: Method has too many Body parameters: public abstract java.util.List com.milos.releasemicroservice.util.ImageProcessingServiceProxy.storeImages(java.lang.Long,org.springframework.web.multipart.MultipartFile[])
2019-11-28 13:49:17.416  INFO MILOSG --- [           main] j.LocalContainerEntityManagerFactoryBean : Closing JPA EntityManagerFactory for persistence unit 'persistenceUnit'
2019-11-28 13:49:17.422  INFO MILOSG --- [           main] ConditionEvaluationReportLoggingListener : 

Error starting ApplicationContext. To display the conditions report re-run your application with 'debug' enabled.
2019-11-28 13:49:17.424 ERROR MILOSG --- [           main] o.s.b.SpringApplication                  : Application run failed
org.springframework.beans.factory.UnsatisfiedDependencyException: Error creating bean with name 'artistRestController' defined in file [C:\Users\Milos\Desktop\discogs-clone\release-database-microservice\target\classes\com\milos\releasemicroservice\controller\ArtistRestController.class]: Unsatisfied dependency expressed through constructor parameter 0; nested exception is org.springframework.beans.factory.UnsatisfiedDependencyException: Error creating bean with name 'itemServiceImpl' defined in file [C:\Users\Milos\Desktop\discogs-clone\release-database-microservice\target\classes\com\milos\releasemicroservice\service\impl\ItemServiceImpl.class]: Unsatisfied dependency expressed through constructor parameter 5; nested exception is org.springframework.beans.factory.BeanCreationException: Error creating bean with name 'com.milos.releasemicroservice.util.ImageProcessingServiceProxy': FactoryBean threw exception on object creation; nested exception is java.lang.IllegalStateException: Method has too many Body parameters: public abstract java.util.List com.milos.releasemicroservice.util.ImageProcessingServiceProxy.storeImages(java.lang.Long,org.springframework.web.multipart.MultipartFile[])
	at org.springframework.beans.factory.support.ConstructorResolver.createArgumentArray(ConstructorResolver.java:787)
	at org.springframework.beans.factory.support.ConstructorResolver.autowireConstructor(ConstructorResolver.java:226)
	at org.springframework.beans.factory.support.AbstractAutowireCapableBeanFactory.autowireConstructor(AbstractAutowireCapableBeanFactory.java:1358)
	at org.springframework.beans.factory.support.AbstractAutowireCapableBeanFactory.createBeanInstance(AbstractAutowireCapableBeanFactory.java:1204)
	at org.springframework.beans.factory.support.AbstractAutowireCapableBeanFactory.doCreateBean(AbstractAutowireCapableBeanFactory.java:557)
	at org.springframework.beans.factory.support.AbstractAutowireCapableBeanFactory.createBean(AbstractAutowireCapableBeanFactory.java:517)
	at org.springframework.beans.factory.support.AbstractBeanFactory.lambda$doGetBean$0(AbstractBeanFactory.java:323)
	at org.springframework.beans.factory.support.DefaultSingletonBeanRegistry.getSingleton(DefaultSingletonBeanRegistry.java:222)
	at org.springframework.beans.factory.support.AbstractBeanFactory.doGetBean(AbstractBeanFactory.java:321)
	at org.springframework.beans.factory.support.AbstractBeanFactory.getBean(AbstractBeanFactory.java:202)
	at org.springframework.beans.factory.support.DefaultListableBeanFactory.preInstantiateSingletons(DefaultListableBeanFactory.java:879)
	at org.springframework.context.support.AbstractApplicationContext.finishBeanFactoryInitialization(AbstractApplicationContext.java:878)
	at org.springframework.context.support.AbstractApplicationContext.refresh(AbstractApplicationContext.java:550)
	at org.springframework.boot.SpringApplication.refresh(SpringApplication.java:747)
	at org.springframework.boot.SpringApplication.refreshContext(SpringApplication.java:397)
	at org.springframework.boot.SpringApplication.run(SpringApplication.java:315)
	at org.springframework.boot.test.context.SpringBootContextLoader.loadContext(SpringBootContextLoader.java:125)
	at org.springframework.test.context.cache.DefaultCacheAwareContextLoaderDelegate.loadContextInternal(DefaultCacheAwareContextLoaderDelegate.java:99)
	at org.springframework.test.context.cache.DefaultCacheAwareContextLoaderDelegate.loadContext(DefaultCacheAwareContextLoaderDelegate.java:124)
	at org.springframework.test.context.support.DefaultTestContext.getApplicationContext(DefaultTestContext.java:123)
	at org.springframework.test.context.web.ServletTestExecutionListener.setUpRequestContextIfNecessary(ServletTestExecutionListener.java:190)
	at org.springframework.test.context.web.ServletTestExecutionListener.prepareTestInstance(ServletTestExecutionListener.java:132)
	at org.springframework.test.context.TestContextManager.prepareTestInstance(TestContextManager.java:244)
	at org.springframework.test.context.junit.jupiter.SpringExtension.postProcessTestInstance(SpringExtension.java:98)
	at org.junit.jupiter.engine.descriptor.ClassBasedTestDescriptor.lambda$invokeTestInstancePostProcessors$5(ClassBasedTestDescriptor.java:337)
	at org.junit.jupiter.engine.descriptor.ClassBasedTestDescriptor.executeAndMaskThrowable(ClassBasedTestDescriptor.java:342)
	at org.junit.jupiter.engine.descriptor.ClassBasedTestDescriptor.lambda$invokeTestInstancePostProcessors$6(ClassBasedTestDescriptor.java:337)
	at java.base/java.util.stream.ReferencePipeline$3$1.accept(ReferencePipeline.java:195)
	at java.base/java.util.stream.ReferencePipeline$2$1.accept(ReferencePipeline.java:177)
	at java.base/java.util.ArrayList$ArrayListSpliterator.forEachRemaining(ArrayList.java:1654)
	at java.base/java.util.stream.AbstractPipeline.copyInto(AbstractPipeline.java:484)
	at java.base/java.util.stream.AbstractPipeline.wrapAndCopyInto(AbstractPipeline.java:474)
	at java.base/java.util.stream.StreamSpliterators$WrappingSpliterator.forEachRemaining(StreamSpliterators.java:312)
	at java.base/java.util.stream.Streams$ConcatSpliterator.forEachRemaining(Streams.java:735)
	at java.base/java.util.stream.Streams$ConcatSpliterator.forEachRemaining(Streams.java:734)
	at java.base/java.util.stream.ReferencePipeline$Head.forEach(ReferencePipeline.java:658)
	at org.junit.jupiter.engine.descriptor.ClassBasedTestDescriptor.invokeTestInstancePostProcessors(ClassBasedTestDescriptor.java:336)
	at org.junit.jupiter.engine.descriptor.ClassBasedTestDescriptor.instantiateAndPostProcessTestInstance(ClassBasedTestDescriptor.java:259)
	at org.junit.jupiter.engine.descriptor.ClassBasedTestDescriptor.lambda$testInstancesProvider$2(ClassBasedTestDescriptor.java:252)
	at java.base/java.util.Optional.orElseGet(Optional.java:369)
	at org.junit.jupiter.engine.descriptor.ClassBasedTestDescriptor.lambda$testInstancesProvider$3(ClassBasedTestDescriptor.java:251)
	at org.junit.jupiter.engine.execution.TestInstancesProvider.getTestInstances(TestInstancesProvider.java:29)
	at org.junit.jupiter.engine.descriptor.TestMethodTestDescriptor.lambda$prepare$0(TestMethodTestDescriptor.java:106)
	at org.junit.platform.engine.support.hierarchical.ThrowableCollector.execute(ThrowableCollector.java:73)
	at org.junit.jupiter.engine.descriptor.TestMethodTestDescriptor.prepare(TestMethodTestDescriptor.java:105)
	at org.junit.jupiter.engine.descriptor.TestMethodTestDescriptor.prepare(TestMethodTestDescriptor.java:69)
	at org.junit.platform.engine.support.hierarchical.NodeTestTask.lambda$prepare$1(NodeTestTask.java:107)
	at org.junit.platform.engine.support.hierarchical.ThrowableCollector.execute(ThrowableCollector.java:73)
	at org.junit.platform.engine.support.hierarchical.NodeTestTask.prepare(NodeTestTask.java:107)
	at org.junit.platform.engine.support.hierarchical.NodeTestTask.execute(NodeTestTask.java:75)
	at java.base/java.util.ArrayList.forEach(ArrayList.java:1540)
	at org.junit.platform.engine.support.hierarchical.SameThreadHierarchicalTestExecutorService.invokeAll(SameThreadHierarchicalTestExecutorService.java:38)
	at org.junit.platform.engine.support.hierarchical.NodeTestTask.lambda$executeRecursively$5(NodeTestTask.java:139)
	at org.junit.platform.engine.support.hierarchical.ThrowableCollector.execute(ThrowableCollector.java:73)
	at org.junit.platform.engine.support.hierarchical.NodeTestTask.lambda$executeRecursively$7(NodeTestTask.java:125)
	at org.junit.platform.engine.support.hierarchical.Node.around(Node.java:135)
	at org.junit.platform.engine.support.hierarchical.NodeTestTask.lambda$executeRecursively$8(NodeTestTask.java:123)
	at org.junit.platform.engine.support.hierarchical.ThrowableCollector.execute(ThrowableCollector.java:73)
	at org.junit.platform.engine.support.hierarchical.NodeTestTask.executeRecursively(NodeTestTask.java:122)
	at org.junit.platform.engine.support.hierarchical.NodeTestTask.execute(NodeTestTask.java:80)
	at java.base/java.util.ArrayList.forEach(ArrayList.java:1540)
	at org.junit.platform.engine.support.hierarchical.SameThreadHierarchicalTestExecutorService.invokeAll(SameThreadHierarchicalTestExecutorService.java:38)
	at org.junit.platform.engine.support.hierarchical.NodeTestTask.lambda$executeRecursively$5(NodeTestTask.java:139)
	at org.junit.platform.engine.support.hierarchical.ThrowableCollector.execute(ThrowableCollector.java:73)
	at org.junit.platform.engine.support.hierarchical.NodeTestTask.lambda$executeRecursively$7(NodeTestTask.java:125)
	at org.junit.platform.engine.support.hierarchical.Node.around(Node.java:135)
	at org.junit.platform.engine.support.hierarchical.NodeTestTask.lambda$executeRecursively$8(NodeTestTask.java:123)
	at org.junit.platform.engine.support.hierarchical.ThrowableCollector.execute(ThrowableCollector.java:73)
	at org.junit.platform.engine.support.hierarchical.NodeTestTask.executeRecursively(NodeTestTask.java:122)
	at org.junit.platform.engine.support.hierarchical.NodeTestTask.execute(NodeTestTask.java:80)
	at org.junit.platform.engine.support.hierarchical.SameThreadHierarchicalTestExecutorService.submit(SameThreadHierarchicalTestExecutorService.java:32)
	at org.junit.platform.engine.support.hierarchical.HierarchicalTestExecutor.execute(HierarchicalTestExecutor.java:57)
	at org.junit.platform.engine.support.hierarchical.HierarchicalTestEngine.execute(HierarchicalTestEngine.java:51)
	at org.junit.platform.launcher.core.DefaultLauncher.execute(DefaultLauncher.java:229)
	at org.junit.platform.launcher.core.DefaultLauncher.lambda$execute$6(DefaultLauncher.java:197)
	at org.junit.platform.launcher.core.DefaultLauncher.withInterceptedStreams(DefaultLauncher.java:211)
	at org.junit.platform.launcher.core.DefaultLauncher.execute(DefaultLauncher.java:191)
	at org.junit.platform.launcher.core.DefaultLauncher.execute(DefaultLauncher.java:128)
	at com.intellij.junit5.JUnit5IdeaTestRunner.startRunnerWithArgs(JUnit5IdeaTestRunner.java:69)
	at com.intellij.rt.execution.junit.IdeaTestRunner$Repeater.startRunnerWithArgs(IdeaTestRunner.java:47)
	at com.intellij.rt.execution.junit.JUnitStarter.prepareStreamsAndStart(JUnitStarter.java:242)
	at com.intellij.rt.execution.junit.JUnitStarter.main(JUnitStarter.java:70)
Caused by: org.springframework.beans.factory.UnsatisfiedDependencyException: Error creating bean with name 'itemServiceImpl' defined in file [C:\Users\Milos\Desktop\discogs-clone\release-database-microservice\target\classes\com\milos\releasemicroservice\service\impl\ItemServiceImpl.class]: Unsatisfied dependency expressed through constructor parameter 5; nested exception is org.springframework.beans.factory.BeanCreationException: Error creating bean with name 'com.milos.releasemicroservice.util.ImageProcessingServiceProxy': FactoryBean threw exception on object creation; nested exception is java.lang.IllegalStateException: Method has too many Body parameters: public abstract java.util.List com.milos.releasemicroservice.util.ImageProcessingServiceProxy.storeImages(java.lang.Long,org.springframework.web.multipart.MultipartFile[])
	at org.springframework.beans.factory.support.ConstructorResolver.createArgumentArray(ConstructorResolver.java:787)
	at org.springframework.beans.factory.support.ConstructorResolver.autowireConstructor(ConstructorResolver.java:226)
	at org.springframework.beans.factory.support.AbstractAutowireCapableBeanFactory.autowireConstructor(AbstractAutowireCapableBeanFactory.java:1358)
	at org.springframework.beans.factory.support.AbstractAutowireCapableBeanFactory.createBeanInstance(AbstractAutowireCapableBeanFactory.java:1204)
	at org.springframework.beans.factory.support.AbstractAutowireCapableBeanFactory.doCreateBean(AbstractAutowireCapableBeanFactory.java:557)
	at org.springframework.beans.factory.support.AbstractAutowireCapableBeanFactory.createBean(AbstractAutowireCapableBeanFactory.java:517)
	at org.springframework.beans.factory.support.AbstractBeanFactory.lambda$doGetBean$0(AbstractBeanFactory.java:323)
	at org.springframework.beans.factory.support.DefaultSingletonBeanRegistry.getSingleton(DefaultSingletonBeanRegistry.java:222)
	at org.springframework.beans.factory.support.AbstractBeanFactory.doGetBean(AbstractBeanFactory.java:321)
	at org.springframework.beans.factory.support.AbstractBeanFactory.getBean(AbstractBeanFactory.java:202)
	at org.springframework.beans.factory.config.DependencyDescriptor.resolveCandidate(DependencyDescriptor.java:276)
	at org.springframework.beans.factory.support.DefaultListableBeanFactory.doResolveDependency(DefaultListableBeanFactory.java:1287)
	at org.springframework.beans.factory.support.DefaultListableBeanFactory.resolveDependency(DefaultListableBeanFactory.java:1207)
	at org.springframework.beans.factory.support.ConstructorResolver.resolveAutowiredArgument(ConstructorResolver.java:874)
	at org.springframework.beans.factory.support.ConstructorResolver.createArgumentArray(ConstructorResolver.java:778)
	... 81 more
Caused by: org.springframework.beans.factory.BeanCreationException: Error creating bean with name 'com.milos.releasemicroservice.util.ImageProcessingServiceProxy': FactoryBean threw exception on object creation; nested exception is java.lang.IllegalStateException: Method has too many Body parameters: public abstract java.util.List com.milos.releasemicroservice.util.ImageProcessingServiceProxy.storeImages(java.lang.Long,org.springframework.web.multipart.MultipartFile[])
	at org.springframework.beans.factory.support.FactoryBeanRegistrySupport.doGetObjectFromFactoryBean(FactoryBeanRegistrySupport.java:178)
	at org.springframework.beans.factory.support.FactoryBeanRegistrySupport.getObjectFromFactoryBean(FactoryBeanRegistrySupport.java:101)
	at org.springframework.beans.factory.support.AbstractBeanFactory.getObjectForBeanInstance(AbstractBeanFactory.java:1818)
	at org.springframework.beans.factory.support.AbstractAutowireCapableBeanFactory.getObjectForBeanInstance(AbstractAutowireCapableBeanFactory.java:1266)
	at org.springframework.beans.factory.support.AbstractBeanFactory.doGetBean(AbstractBeanFactory.java:260)
	at org.springframework.beans.factory.support.AbstractBeanFactory.getBean(AbstractBeanFactory.java:202)
	at org.springframework.beans.factory.config.DependencyDescriptor.resolveCandidate(DependencyDescriptor.java:276)
	at org.springframework.beans.factory.support.DefaultListableBeanFactory.addCandidateEntry(DefaultListableBeanFactory.java:1510)
	at org.springframework.beans.factory.support.DefaultListableBeanFactory.findAutowireCandidates(DefaultListableBeanFactory.java:1467)
	at org.springframework.beans.factory.support.DefaultListableBeanFactory.doResolveDependency(DefaultListableBeanFactory.java:1250)
	at org.springframework.beans.factory.support.DefaultListableBeanFactory.resolveDependency(DefaultListableBeanFactory.java:1207)
	at org.springframework.beans.factory.support.ConstructorResolver.resolveAutowiredArgument(ConstructorResolver.java:874)
	at org.springframework.beans.factory.support.ConstructorResolver.createArgumentArray(ConstructorResolver.java:778)
	... 95 more
Caused by: java.lang.IllegalStateException: Method has too many Body parameters: public abstract java.util.List com.milos.releasemicroservice.util.ImageProcessingServiceProxy.storeImages(java.lang.Long,org.springframework.web.multipart.MultipartFile[])
	at feign.Util.checkState(Util.java:130)
	at feign.Contract$BaseContract.parseAndValidateMetadata(Contract.java:117)
	at org.springframework.cloud.openfeign.support.SpringMvcContract.parseAndValidateMetadata(SpringMvcContract.java:188)
	at feign.Contract$BaseContract.parseAndValidatateMetadata(Contract.java:66)
	at feign.ReflectiveFeign$ParseHandlersByName.apply(ReflectiveFeign.java:154)
	at feign.ReflectiveFeign.newInstance(ReflectiveFeign.java:52)
	at feign.Feign$Builder.target(Feign.java:251)
	at org.springframework.cloud.openfeign.HystrixTargeter.target(HystrixTargeter.java:36)
	at org.springframework.cloud.openfeign.FeignClientFactoryBean.getTarget(FeignClientFactoryBean.java:288)
	at org.springframework.cloud.openfeign.FeignClientFactoryBean.getObject(FeignClientFactoryBean.java:251)
	at org.springframework.beans.factory.support.FactoryBeanRegistrySupport.doGetObjectFromFactoryBean(FactoryBeanRegistrySupport.java:171)
	... 107 more
2019-11-28 13:49:17.429 ERROR MILOSG --- [           main] o.s.t.c.TestContextManager               : Caught exception while allowing TestExecutionListener [org.springframework.test.context.web.ServletTestExecutionListener@24e8de5c] to prepare test instance [com.milos.releasemicroservice.service.integration.ItemServiceIT@7e1ce99c]
java.lang.IllegalStateException: Failed to load ApplicationContext
	at org.springframework.test.context.cache.DefaultCacheAwareContextLoaderDelegate.loadContext(DefaultCacheAwareContextLoaderDelegate.java:132)
	at org.springframework.test.context.support.DefaultTestContext.getApplicationContext(DefaultTestContext.java:123)
	at org.springframework.test.context.web.ServletTestExecutionListener.setUpRequestContextIfNecessary(ServletTestExecutionListener.java:190)
	at org.springframework.test.context.web.ServletTestExecutionListener.prepareTestInstance(ServletTestExecutionListener.java:132)
	at org.springframework.test.context.TestContextManager.prepareTestInstance(TestContextManager.java:244)
	at org.springframework.test.context.junit.jupiter.SpringExtension.postProcessTestInstance(SpringExtension.java:98)
	at org.junit.jupiter.engine.descriptor.ClassBasedTestDescriptor.lambda$invokeTestInstancePostProcessors$5(ClassBasedTestDescriptor.java:337)
	at org.junit.jupiter.engine.descriptor.ClassBasedTestDescriptor.executeAndMaskThrowable(ClassBasedTestDescriptor.java:342)
	at org.junit.jupiter.engine.descriptor.ClassBasedTestDescriptor.lambda$invokeTestInstancePostProcessors$6(ClassBasedTestDescriptor.java:337)
	at java.base/java.util.stream.ReferencePipeline$3$1.accept(ReferencePipeline.java:195)
	at java.base/java.util.stream.ReferencePipeline$2$1.accept(ReferencePipeline.java:177)
	at java.base/java.util.ArrayList$ArrayListSpliterator.forEachRemaining(ArrayList.java:1654)
	at java.base/java.util.stream.AbstractPipeline.copyInto(AbstractPipeline.java:484)
	at java.base/java.util.stream.AbstractPipeline.wrapAndCopyInto(AbstractPipeline.java:474)
	at java.base/java.util.stream.StreamSpliterators$WrappingSpliterator.forEachRemaining(StreamSpliterators.java:312)
	at java.base/java.util.stream.Streams$ConcatSpliterator.forEachRemaining(Streams.java:735)
	at java.base/java.util.stream.Streams$ConcatSpliterator.forEachRemaining(Streams.java:734)
	at java.base/java.util.stream.ReferencePipeline$Head.forEach(ReferencePipeline.java:658)
	at org.junit.jupiter.engine.descriptor.ClassBasedTestDescriptor.invokeTestInstancePostProcessors(ClassBasedTestDescriptor.java:336)
	at org.junit.jupiter.engine.descriptor.ClassBasedTestDescriptor.instantiateAndPostProcessTestInstance(ClassBasedTestDescriptor.java:259)
	at org.junit.jupiter.engine.descriptor.ClassBasedTestDescriptor.lambda$testInstancesProvider$2(ClassBasedTestDescriptor.java:252)
	at java.base/java.util.Optional.orElseGet(Optional.java:369)
	at org.junit.jupiter.engine.descriptor.ClassBasedTestDescriptor.lambda$testInstancesProvider$3(ClassBasedTestDescriptor.java:251)
	at org.junit.jupiter.engine.execution.TestInstancesProvider.getTestInstances(TestInstancesProvider.java:29)
	at org.junit.jupiter.engine.descriptor.TestMethodTestDescriptor.lambda$prepare$0(TestMethodTestDescriptor.java:106)
	at org.junit.platform.engine.support.hierarchical.ThrowableCollector.execute(ThrowableCollector.java:73)
	at org.junit.jupiter.engine.descriptor.TestMethodTestDescriptor.prepare(TestMethodTestDescriptor.java:105)
	at org.junit.jupiter.engine.descriptor.TestMethodTestDescriptor.prepare(TestMethodTestDescriptor.java:69)
	at org.junit.platform.engine.support.hierarchical.NodeTestTask.lambda$prepare$1(NodeTestTask.java:107)
	at org.junit.platform.engine.support.hierarchical.ThrowableCollector.execute(ThrowableCollector.java:73)
	at org.junit.platform.engine.support.hierarchical.NodeTestTask.prepare(NodeTestTask.java:107)
	at org.junit.platform.engine.support.hierarchical.NodeTestTask.execute(NodeTestTask.java:75)
	at java.base/java.util.ArrayList.forEach(ArrayList.java:1540)
	at org.junit.platform.engine.support.hierarchical.SameThreadHierarchicalTestExecutorService.invokeAll(SameThreadHierarchicalTestExecutorService.java:38)
	at org.junit.platform.engine.support.hierarchical.NodeTestTask.lambda$executeRecursively$5(NodeTestTask.java:139)
	at org.junit.platform.engine.support.hierarchical.ThrowableCollector.execute(ThrowableCollector.java:73)
	at org.junit.platform.engine.support.hierarchical.NodeTestTask.lambda$executeRecursively$7(NodeTestTask.java:125)
	at org.junit.platform.engine.support.hierarchical.Node.around(Node.java:135)
	at org.junit.platform.engine.support.hierarchical.NodeTestTask.lambda$executeRecursively$8(NodeTestTask.java:123)
	at org.junit.platform.engine.support.hierarchical.ThrowableCollector.execute(ThrowableCollector.java:73)
	at org.junit.platform.engine.support.hierarchical.NodeTestTask.executeRecursively(NodeTestTask.java:122)
	at org.junit.platform.engine.support.hierarchical.NodeTestTask.execute(NodeTestTask.java:80)
	at java.base/java.util.ArrayList.forEach(ArrayList.java:1540)
	at org.junit.platform.engine.support.hierarchical.SameThreadHierarchicalTestExecutorService.invokeAll(SameThreadHierarchicalTestExecutorService.java:38)
	at org.junit.platform.engine.support.hierarchical.NodeTestTask.lambda$executeRecursively$5(NodeTestTask.java:139)
	at org.junit.platform.engine.support.hierarchical.ThrowableCollector.execute(ThrowableCollector.java:73)
	at org.junit.platform.engine.support.hierarchical.NodeTestTask.lambda$executeRecursively$7(NodeTestTask.java:125)
	at org.junit.platform.engine.support.hierarchical.Node.around(Node.java:135)
	at org.junit.platform.engine.support.hierarchical.NodeTestTask.lambda$executeRecursively$8(NodeTestTask.java:123)
	at org.junit.platform.engine.support.hierarchical.ThrowableCollector.execute(ThrowableCollector.java:73)
	at org.junit.platform.engine.support.hierarchical.NodeTestTask.executeRecursively(NodeTestTask.java:122)
	at org.junit.platform.engine.support.hierarchical.NodeTestTask.execute(NodeTestTask.java:80)
	at org.junit.platform.engine.support.hierarchical.SameThreadHierarchicalTestExecutorService.submit(SameThreadHierarchicalTestExecutorService.java:32)
	at org.junit.platform.engine.support.hierarchical.HierarchicalTestExecutor.execute(HierarchicalTestExecutor.java:57)
	at org.junit.platform.engine.support.hierarchical.HierarchicalTestEngine.execute(HierarchicalTestEngine.java:51)
	at org.junit.platform.launcher.core.DefaultLauncher.execute(DefaultLauncher.java:229)
	at org.junit.platform.launcher.core.DefaultLauncher.lambda$execute$6(DefaultLauncher.java:197)
	at org.junit.platform.launcher.core.DefaultLauncher.withInterceptedStreams(DefaultLauncher.java:211)
	at org.junit.platform.launcher.core.DefaultLauncher.execute(DefaultLauncher.java:191)
	at org.junit.platform.launcher.core.DefaultLauncher.execute(DefaultLauncher.java:128)
	at com.intellij.junit5.JUnit5IdeaTestRunner.startRunnerWithArgs(JUnit5IdeaTestRunner.java:69)
	at com.intellij.rt.execution.junit.IdeaTestRunner$Repeater.startRunnerWithArgs(IdeaTestRunner.java:47)
	at com.intellij.rt.execution.junit.JUnitStarter.prepareStreamsAndStart(JUnitStarter.java:242)
	at com.intellij.rt.execution.junit.JUnitStarter.main(JUnitStarter.java:70)
Caused by: org.springframework.beans.factory.UnsatisfiedDependencyException: Error creating bean with name 'artistRestController' defined in file [C:\Users\Milos\Desktop\discogs-clone\release-database-microservice\target\classes\com\milos\releasemicroservice\controller\ArtistRestController.class]: Unsatisfied dependency expressed through constructor parameter 0; nested exception is org.springframework.beans.factory.UnsatisfiedDependencyException: Error creating bean with name 'itemServiceImpl' defined in file [C:\Users\Milos\Desktop\discogs-clone\release-database-microservice\target\classes\com\milos\releasemicroservice\service\impl\ItemServiceImpl.class]: Unsatisfied dependency expressed through constructor parameter 5; nested exception is org.springframework.beans.factory.BeanCreationException: Error creating bean with name 'com.milos.releasemicroservice.util.ImageProcessingServiceProxy': FactoryBean threw exception on object creation; nested exception is java.lang.IllegalStateException: Method has too many Body parameters: public abstract java.util.List com.milos.releasemicroservice.util.ImageProcessingServiceProxy.storeImages(java.lang.Long,org.springframework.web.multipart.MultipartFile[])
	at org.springframework.beans.factory.support.ConstructorResolver.createArgumentArray(ConstructorResolver.java:787)
	at org.springframework.beans.factory.support.ConstructorResolver.autowireConstructor(ConstructorResolver.java:226)
	at org.springframework.beans.factory.support.AbstractAutowireCapableBeanFactory.autowireConstructor(AbstractAutowireCapableBeanFactory.java:1358)
	at org.springframework.beans.factory.support.AbstractAutowireCapableBeanFactory.createBeanInstance(AbstractAutowireCapableBeanFactory.java:1204)
	at org.springframework.beans.factory.support.AbstractAutowireCapableBeanFactory.doCreateBean(AbstractAutowireCapableBeanFactory.java:557)
	at org.springframework.beans.factory.support.AbstractAutowireCapableBeanFactory.createBean(AbstractAutowireCapableBeanFactory.java:517)
	at org.springframework.beans.factory.support.AbstractBeanFactory.lambda$doGetBean$0(AbstractBeanFactory.java:323)
	at org.springframework.beans.factory.support.DefaultSingletonBeanRegistry.getSingleton(DefaultSingletonBeanRegistry.java:222)
	at org.springframework.beans.factory.support.AbstractBeanFactory.doGetBean(AbstractBeanFactory.java:321)
	at org.springframework.beans.factory.support.AbstractBeanFactory.getBean(AbstractBeanFactory.java:202)
	at org.springframework.beans.factory.support.DefaultListableBeanFactory.preInstantiateSingletons(DefaultListableBeanFactory.java:879)
	at org.springframework.context.support.AbstractApplicationContext.finishBeanFactoryInitialization(AbstractApplicationContext.java:878)
	at org.springframework.context.support.AbstractApplicationContext.refresh(AbstractApplicationContext.java:550)
	at org.springframework.boot.SpringApplication.refresh(SpringApplication.java:747)
	at org.springframework.boot.SpringApplication.refreshContext(SpringApplication.java:397)
	at org.springframework.boot.SpringApplication.run(SpringApplication.java:315)
	at org.springframework.boot.test.context.SpringBootContextLoader.loadContext(SpringBootContextLoader.java:125)
	at org.springframework.test.context.cache.DefaultCacheAwareContextLoaderDelegate.loadContextInternal(DefaultCacheAwareContextLoaderDelegate.java:99)
	at org.springframework.test.context.cache.DefaultCacheAwareContextLoaderDelegate.loadContext(DefaultCacheAwareContextLoaderDelegate.java:124)
	... 63 more
Caused by: org.springframework.beans.factory.UnsatisfiedDependencyException: Error creating bean with name 'itemServiceImpl' defined in file [C:\Users\Milos\Desktop\discogs-clone\release-database-microservice\target\classes\com\milos\releasemicroservice\service\impl\ItemServiceImpl.class]: Unsatisfied dependency expressed through constructor parameter 5; nested exception is org.springframework.beans.factory.BeanCreationException: Error creating bean with name 'com.milos.releasemicroservice.util.ImageProcessingServiceProxy': FactoryBean threw exception on object creation; nested exception is java.lang.IllegalStateException: Method has too many Body parameters: public abstract java.util.List com.milos.releasemicroservice.util.ImageProcessingServiceProxy.storeImages(java.lang.Long,org.springframework.web.multipart.MultipartFile[])
	at org.springframework.beans.factory.support.ConstructorResolver.createArgumentArray(ConstructorResolver.java:787)
	at org.springframework.beans.factory.support.ConstructorResolver.autowireConstructor(ConstructorResolver.java:226)
	at org.springframework.beans.factory.support.AbstractAutowireCapableBeanFactory.autowireConstructor(AbstractAutowireCapableBeanFactory.java:1358)
	at org.springframework.beans.factory.support.AbstractAutowireCapableBeanFactory.createBeanInstance(AbstractAutowireCapableBeanFactory.java:1204)
	at org.springframework.beans.factory.support.AbstractAutowireCapableBeanFactory.doCreateBean(AbstractAutowireCapableBeanFactory.java:557)
	at org.springframework.beans.factory.support.AbstractAutowireCapableBeanFactory.createBean(AbstractAutowireCapableBeanFactory.java:517)
	at org.springframework.beans.factory.support.AbstractBeanFactory.lambda$doGetBean$0(AbstractBeanFactory.java:323)
	at org.springframework.beans.factory.support.DefaultSingletonBeanRegistry.getSingleton(DefaultSingletonBeanRegistry.java:222)
	at org.springframework.beans.factory.support.AbstractBeanFactory.doGetBean(AbstractBeanFactory.java:321)
	at org.springframework.beans.factory.support.AbstractBeanFactory.getBean(AbstractBeanFactory.java:202)
	at org.springframework.beans.factory.config.DependencyDescriptor.resolveCandidate(DependencyDescriptor.java:276)
	at org.springframework.beans.factory.support.DefaultListableBeanFactory.doResolveDependency(DefaultListableBeanFactory.java:1287)
	at org.springframework.beans.factory.support.DefaultListableBeanFactory.resolveDependency(DefaultListableBeanFactory.java:1207)
	at org.springframework.beans.factory.support.ConstructorResolver.resolveAutowiredArgument(ConstructorResolver.java:874)
	at org.springframework.beans.factory.support.ConstructorResolver.createArgumentArray(ConstructorResolver.java:778)
	... 81 more
Caused by: org.springframework.beans.factory.BeanCreationException: Error creating bean with name 'com.milos.releasemicroservice.util.ImageProcessingServiceProxy': FactoryBean threw exception on object creation; nested exception is java.lang.IllegalStateException: Method has too many Body parameters: public abstract java.util.List com.milos.releasemicroservice.util.ImageProcessingServiceProxy.storeImages(java.lang.Long,org.springframework.web.multipart.MultipartFile[])
	at org.springframework.beans.factory.support.FactoryBeanRegistrySupport.doGetObjectFromFactoryBean(FactoryBeanRegistrySupport.java:178)
	at org.springframework.beans.factory.support.FactoryBeanRegistrySupport.getObjectFromFactoryBean(FactoryBeanRegistrySupport.java:101)
	at org.springframework.beans.factory.support.AbstractBeanFactory.getObjectForBeanInstance(AbstractBeanFactory.java:1818)
	at org.springframework.beans.factory.support.AbstractAutowireCapableBeanFactory.getObjectForBeanInstance(AbstractAutowireCapableBeanFactory.java:1266)
	at org.springframework.beans.factory.support.AbstractBeanFactory.doGetBean(AbstractBeanFactory.java:260)
	at org.springframework.beans.factory.support.AbstractBeanFactory.getBean(AbstractBeanFactory.java:202)
	at org.springframework.beans.factory.config.DependencyDescriptor.resolveCandidate(DependencyDescriptor.java:276)
	at org.springframework.beans.factory.support.DefaultListableBeanFactory.addCandidateEntry(DefaultListableBeanFactory.java:1510)
	at org.springframework.beans.factory.support.DefaultListableBeanFactory.findAutowireCandidates(DefaultListableBeanFactory.java:1467)
	at org.springframework.beans.factory.support.DefaultListableBeanFactory.doResolveDependency(DefaultListableBeanFactory.java:1250)
	at org.springframework.beans.factory.support.DefaultListableBeanFactory.resolveDependency(DefaultListableBeanFactory.java:1207)
	at org.springframework.beans.factory.support.ConstructorResolver.resolveAutowiredArgument(ConstructorResolver.java:874)
	at org.springframework.beans.factory.support.ConstructorResolver.createArgumentArray(ConstructorResolver.java:778)
	... 95 more
Caused by: java.lang.IllegalStateException: Method has too many Body parameters: public abstract java.util.List com.milos.releasemicroservice.util.ImageProcessingServiceProxy.storeImages(java.lang.Long,org.springframework.web.multipart.MultipartFile[])
	at feign.Util.checkState(Util.java:130)
	at feign.Contract$BaseContract.parseAndValidateMetadata(Contract.java:117)
	at org.springframework.cloud.openfeign.support.SpringMvcContract.parseAndValidateMetadata(SpringMvcContract.java:188)
	at feign.Contract$BaseContract.parseAndValidatateMetadata(Contract.java:66)
	at feign.ReflectiveFeign$ParseHandlersByName.apply(ReflectiveFeign.java:154)
	at feign.ReflectiveFeign.newInstance(ReflectiveFeign.java:52)
	at feign.Feign$Builder.target(Feign.java:251)
	at org.springframework.cloud.openfeign.HystrixTargeter.target(HystrixTargeter.java:36)
	at org.springframework.cloud.openfeign.FeignClientFactoryBean.getTarget(FeignClientFactoryBean.java:288)
	at org.springframework.cloud.openfeign.FeignClientFactoryBean.getObject(FeignClientFactoryBean.java:251)
	at org.springframework.beans.factory.support.FactoryBeanRegistrySupport.doGetObjectFromFactoryBean(FactoryBeanRegistrySupport.java:171)
	... 107 more
2019-11-28 13:58:16.605  INFO MILOSG --- [           main] .b.t.c.SpringBootTestContextBootstrapper : Neither @ContextConfiguration nor @ContextHierarchy found for test class [com.milos.releasemicroservice.service.integration.ItemServiceIT], using SpringBootContextLoader
2019-11-28 13:58:16.615  INFO MILOSG --- [           main] o.s.t.c.s.AbstractContextLoader          : Could not detect default resource locations for test class [com.milos.releasemicroservice.service.integration.ItemServiceIT]: no resource found for suffixes {-context.xml, Context.groovy}.
2019-11-28 13:58:16.616  INFO MILOSG --- [           main] t.c.s.AnnotationConfigContextLoaderUtils : Could not detect default configuration classes for test class [com.milos.releasemicroservice.service.integration.ItemServiceIT]: ItemServiceIT does not declare any static, non-private, non-final, nested classes annotated with @Configuration.
2019-11-28 13:58:16.722  INFO MILOSG --- [           main] .b.t.c.SpringBootTestContextBootstrapper : Found @SpringBootConfiguration com.milos.releasemicroservice.ReleaseMicroserviceApplication for test class com.milos.releasemicroservice.service.integration.ItemServiceIT
2019-11-28 13:58:16.800  INFO MILOSG --- [           main] .b.t.c.SpringBootTestContextBootstrapper : Loaded default TestExecutionListener class names from location [META-INF/spring.factories]: [org.springframework.boot.test.mock.mockito.MockitoTestExecutionListener, org.springframework.boot.test.mock.mockito.ResetMocksTestExecutionListener, org.springframework.boot.test.autoconfigure.restdocs.RestDocsTestExecutionListener, org.springframework.boot.test.autoconfigure.web.client.MockRestServiceServerResetTestExecutionListener, org.springframework.boot.test.autoconfigure.web.servlet.MockMvcPrintOnlyOnFailureTestExecutionListener, org.springframework.boot.test.autoconfigure.web.servlet.WebDriverTestExecutionListener, org.springframework.test.context.web.ServletTestExecutionListener, org.springframework.test.context.support.DirtiesContextBeforeModesTestExecutionListener, org.springframework.test.context.support.DependencyInjectionTestExecutionListener, org.springframework.test.context.support.DirtiesContextTestExecutionListener, org.springframework.test.context.transaction.TransactionalTestExecutionListener, org.springframework.test.context.jdbc.SqlScriptsTestExecutionListener, org.springframework.test.context.event.EventPublishingTestExecutionListener]
2019-11-28 13:58:16.816  INFO MILOSG --- [           main] .b.t.c.SpringBootTestContextBootstrapper : Using TestExecutionListeners: [org.springframework.test.context.web.ServletTestExecutionListener@5767b2af, org.springframework.test.context.support.DirtiesContextBeforeModesTestExecutionListener@7b22ec89, org.springframework.boot.test.mock.mockito.MockitoTestExecutionListener@790132f7, org.springframework.boot.test.autoconfigure.SpringBootDependencyInjectionTestExecutionListener@2228db21, org.springframework.test.context.support.DirtiesContextTestExecutionListener@48b0e701, org.springframework.test.context.transaction.TransactionalTestExecutionListener@241a0c3a, org.springframework.test.context.jdbc.SqlScriptsTestExecutionListener@547c04c4, org.springframework.test.context.event.EventPublishingTestExecutionListener@30e92cb9, org.springframework.boot.test.mock.mockito.ResetMocksTestExecutionListener@7fae4d4a, org.springframework.boot.test.autoconfigure.restdocs.RestDocsTestExecutionListener@ba1f559, org.springframework.boot.test.autoconfigure.web.client.MockRestServiceServerResetTestExecutionListener@3f4f9acd, org.springframework.boot.test.autoconfigure.web.servlet.MockMvcPrintOnlyOnFailureTestExecutionListener@46baf579, org.springframework.boot.test.autoconfigure.web.servlet.WebDriverTestExecutionListener@4bf324f9]
2019-11-28 13:58:17.702  INFO MILOSG --- [           main] trationDelegate$BeanPostProcessorChecker : Bean 'org.springframework.cloud.autoconfigure.ConfigurationPropertiesRebinderAutoConfiguration' of type [org.springframework.cloud.autoconfigure.ConfigurationPropertiesRebinderAutoConfiguration$$EnhancerBySpringCGLIB$$b0dc6b7d] is not eligible for getting processed by all BeanPostProcessors (for example: not eligible for auto-proxying)
2019-11-28 13:58:18.157  INFO MILOSG --- [           main] c.c.c.ConfigServicePropertySourceLocator : Fetching config from server at : http://localhost:8888
2019-11-28 13:58:19.045  INFO MILOSG --- [           main] c.c.c.ConfigServicePropertySourceLocator : Located environment: name=release-database-microservice, profiles=[default], label=null, version=969599e065dc2961a233941bbcbc94a9dc2dee54, state=null
2019-11-28 13:58:19.046  INFO MILOSG --- [           main] b.c.PropertySourceBootstrapConfiguration : Located property source: OriginTrackedCompositePropertySource {name='configService', propertySources=[MapPropertySource {name='configClient'}, OriginTrackedMapPropertySource {name='file://C:/Users/Milos/Desktop/git-discogs-config-repo/release-database-microservice.properties'}]}
2019-11-28 13:58:19.058  INFO MILOSG --- [           main] c.m.r.s.i.ItemServiceIT                  : The following profiles are active: default
2019-11-28 13:58:19.763  INFO MILOSG --- [           main] .s.d.r.c.RepositoryConfigurationDelegate : Bootstrapping Spring Data repositories in DEFAULT mode.
2019-11-28 13:58:19.892  INFO MILOSG --- [           main] .s.d.r.c.RepositoryConfigurationDelegate : Finished Spring Data repository scanning in 120ms. Found 4 repository interfaces.
2019-11-28 13:58:20.120  INFO MILOSG --- [           main] o.s.c.c.s.GenericScope                   : BeanFactory id=61471b19-5b03-3dcf-b527-8640845b381c
2019-11-28 13:58:20.333  INFO MILOSG --- [           main] trationDelegate$BeanPostProcessorChecker : Bean 'org.springframework.transaction.annotation.ProxyTransactionManagementConfiguration' of type [org.springframework.transaction.annotation.ProxyTransactionManagementConfiguration] is not eligible for getting processed by all BeanPostProcessors (for example: not eligible for auto-proxying)
2019-11-28 13:58:20.383  INFO MILOSG --- [           main] trationDelegate$BeanPostProcessorChecker : Bean 'org.springframework.cloud.autoconfigure.ConfigurationPropertiesRebinderAutoConfiguration' of type [org.springframework.cloud.autoconfigure.ConfigurationPropertiesRebinderAutoConfiguration$$EnhancerBySpringCGLIB$$b0dc6b7d] is not eligible for getting processed by all BeanPostProcessors (for example: not eligible for auto-proxying)
2019-11-28 13:58:21.065  INFO MILOSG --- [           main] o.h.j.i.u.LogHelper                      : HHH000204: Processing PersistenceUnitInfo [name: persistenceUnit]
2019-11-28 13:58:21.132  INFO MILOSG --- [           main] o.h.Version                              : HHH000412: Hibernate Core {5.4.8.Final}
2019-11-28 13:58:21.259  INFO MILOSG --- [           main] o.h.a.c.Version                          : HCANN000001: Hibernate Commons Annotations {5.1.0.Final}
2019-11-28 13:58:21.497  INFO MILOSG --- [           main] o.h.d.Dialect                            : HHH000400: Using dialect: org.hibernate.dialect.PostgreSQLDialect
2019-11-28 13:58:22.565  INFO MILOSG --- [           main] o.h.e.t.j.p.i.JtaPlatformInitiator       : HHH000490: Using JtaPlatform implementation: [org.hibernate.engine.transaction.jta.platform.internal.NoJtaPlatform]
2019-11-28 13:58:22.571  INFO MILOSG --- [           main] j.LocalContainerEntityManagerFactoryBean : Initialized JPA EntityManagerFactory for persistence unit 'persistenceUnit'
2019-11-28 13:58:23.143  WARN MILOSG --- [           main] JpaBaseConfiguration$JpaWebConfiguration : spring.jpa.open-in-view is enabled by default. Therefore, database queries may be performed during view rendering. Explicitly configure spring.jpa.open-in-view to disable this warning
2019-11-28 13:58:23.702  WARN MILOSG --- [           main] c.n.c.s.URLConfigurationSource           : No URLs will be polled as dynamic configuration sources.
2019-11-28 13:58:23.702  INFO MILOSG --- [           main] c.n.c.s.URLConfigurationSource           : To enable URLs as dynamic configuration sources, define System property archaius.configurationSource.additionalUrls or make config.properties available on classpath.
2019-11-28 13:58:23.712  WARN MILOSG --- [           main] c.n.c.s.URLConfigurationSource           : No URLs will be polled as dynamic configuration sources.
2019-11-28 13:58:23.713  INFO MILOSG --- [           main] c.n.c.s.URLConfigurationSource           : To enable URLs as dynamic configuration sources, define System property archaius.configurationSource.additionalUrls or make config.properties available on classpath.
2019-11-28 13:58:23.935  INFO MILOSG --- [           main] o.s.s.c.ThreadPoolTaskExecutor           : Initializing ExecutorService 'applicationTaskExecutor'
2019-11-28 13:58:24.766  INFO MILOSG --- [           main] c.m.r.s.i.ItemServiceIT                  : Started ItemServiceIT in 7.91 seconds (JVM running for 10.037)
2019-11-28 13:58:25.060  INFO MILOSG --- [extShutdownHook] o.s.s.c.ThreadPoolTaskExecutor           : Shutting down ExecutorService 'applicationTaskExecutor'
2019-11-28 13:58:25.066  INFO MILOSG --- [extShutdownHook] j.LocalContainerEntityManagerFactoryBean : Closing JPA EntityManagerFactory for persistence unit 'persistenceUnit'
2019-11-28 13:59:52.393  INFO MILOSG --- [           main] .b.t.c.SpringBootTestContextBootstrapper : Neither @ContextConfiguration nor @ContextHierarchy found for test class [com.milos.releasemicroservice.service.integration.ItemServiceIT], using SpringBootContextLoader
2019-11-28 13:59:52.402  INFO MILOSG --- [           main] o.s.t.c.s.AbstractContextLoader          : Could not detect default resource locations for test class [com.milos.releasemicroservice.service.integration.ItemServiceIT]: no resource found for suffixes {-context.xml, Context.groovy}.
2019-11-28 13:59:52.403  INFO MILOSG --- [           main] t.c.s.AnnotationConfigContextLoaderUtils : Could not detect default configuration classes for test class [com.milos.releasemicroservice.service.integration.ItemServiceIT]: ItemServiceIT does not declare any static, non-private, non-final, nested classes annotated with @Configuration.
2019-11-28 13:59:52.513  INFO MILOSG --- [           main] .b.t.c.SpringBootTestContextBootstrapper : Found @SpringBootConfiguration com.milos.releasemicroservice.ReleaseMicroserviceApplication for test class com.milos.releasemicroservice.service.integration.ItemServiceIT
2019-11-28 13:59:52.595  INFO MILOSG --- [           main] .b.t.c.SpringBootTestContextBootstrapper : Loaded default TestExecutionListener class names from location [META-INF/spring.factories]: [org.springframework.boot.test.mock.mockito.MockitoTestExecutionListener, org.springframework.boot.test.mock.mockito.ResetMocksTestExecutionListener, org.springframework.boot.test.autoconfigure.restdocs.RestDocsTestExecutionListener, org.springframework.boot.test.autoconfigure.web.client.MockRestServiceServerResetTestExecutionListener, org.springframework.boot.test.autoconfigure.web.servlet.MockMvcPrintOnlyOnFailureTestExecutionListener, org.springframework.boot.test.autoconfigure.web.servlet.WebDriverTestExecutionListener, org.springframework.test.context.web.ServletTestExecutionListener, org.springframework.test.context.support.DirtiesContextBeforeModesTestExecutionListener, org.springframework.test.context.support.DependencyInjectionTestExecutionListener, org.springframework.test.context.support.DirtiesContextTestExecutionListener, org.springframework.test.context.transaction.TransactionalTestExecutionListener, org.springframework.test.context.jdbc.SqlScriptsTestExecutionListener, org.springframework.test.context.event.EventPublishingTestExecutionListener]
2019-11-28 13:59:52.611  INFO MILOSG --- [           main] .b.t.c.SpringBootTestContextBootstrapper : Using TestExecutionListeners: [org.springframework.test.context.web.ServletTestExecutionListener@5767b2af, org.springframework.test.context.support.DirtiesContextBeforeModesTestExecutionListener@7b22ec89, org.springframework.boot.test.mock.mockito.MockitoTestExecutionListener@790132f7, org.springframework.boot.test.autoconfigure.SpringBootDependencyInjectionTestExecutionListener@2228db21, org.springframework.test.context.support.DirtiesContextTestExecutionListener@48b0e701, org.springframework.test.context.transaction.TransactionalTestExecutionListener@241a0c3a, org.springframework.test.context.jdbc.SqlScriptsTestExecutionListener@547c04c4, org.springframework.test.context.event.EventPublishingTestExecutionListener@30e92cb9, org.springframework.boot.test.mock.mockito.ResetMocksTestExecutionListener@7fae4d4a, org.springframework.boot.test.autoconfigure.restdocs.RestDocsTestExecutionListener@ba1f559, org.springframework.boot.test.autoconfigure.web.client.MockRestServiceServerResetTestExecutionListener@3f4f9acd, org.springframework.boot.test.autoconfigure.web.servlet.MockMvcPrintOnlyOnFailureTestExecutionListener@46baf579, org.springframework.boot.test.autoconfigure.web.servlet.WebDriverTestExecutionListener@4bf324f9]
2019-11-28 13:59:53.499  INFO MILOSG --- [           main] trationDelegate$BeanPostProcessorChecker : Bean 'org.springframework.cloud.autoconfigure.ConfigurationPropertiesRebinderAutoConfiguration' of type [org.springframework.cloud.autoconfigure.ConfigurationPropertiesRebinderAutoConfiguration$$EnhancerBySpringCGLIB$$b0dc6b7d] is not eligible for getting processed by all BeanPostProcessors (for example: not eligible for auto-proxying)
2019-11-28 13:59:53.941  INFO MILOSG --- [           main] c.c.c.ConfigServicePropertySourceLocator : Fetching config from server at : http://localhost:8888
2019-11-28 13:59:54.828  INFO MILOSG --- [           main] c.c.c.ConfigServicePropertySourceLocator : Located environment: name=release-database-microservice, profiles=[default], label=null, version=969599e065dc2961a233941bbcbc94a9dc2dee54, state=null
2019-11-28 13:59:54.829  INFO MILOSG --- [           main] b.c.PropertySourceBootstrapConfiguration : Located property source: OriginTrackedCompositePropertySource {name='configService', propertySources=[MapPropertySource {name='configClient'}, OriginTrackedMapPropertySource {name='file://C:/Users/Milos/Desktop/git-discogs-config-repo/release-database-microservice.properties'}]}
2019-11-28 13:59:54.839  INFO MILOSG --- [           main] c.m.r.s.i.ItemServiceIT                  : The following profiles are active: default
2019-11-28 13:59:55.528  INFO MILOSG --- [           main] .s.d.r.c.RepositoryConfigurationDelegate : Bootstrapping Spring Data repositories in DEFAULT mode.
2019-11-28 13:59:55.653  INFO MILOSG --- [           main] .s.d.r.c.RepositoryConfigurationDelegate : Finished Spring Data repository scanning in 115ms. Found 4 repository interfaces.
2019-11-28 13:59:55.873  INFO MILOSG --- [           main] o.s.c.c.s.GenericScope                   : BeanFactory id=61471b19-5b03-3dcf-b527-8640845b381c
2019-11-28 13:59:56.098  INFO MILOSG --- [           main] trationDelegate$BeanPostProcessorChecker : Bean 'org.springframework.transaction.annotation.ProxyTransactionManagementConfiguration' of type [org.springframework.transaction.annotation.ProxyTransactionManagementConfiguration] is not eligible for getting processed by all BeanPostProcessors (for example: not eligible for auto-proxying)
2019-11-28 13:59:56.148  INFO MILOSG --- [           main] trationDelegate$BeanPostProcessorChecker : Bean 'org.springframework.cloud.autoconfigure.ConfigurationPropertiesRebinderAutoConfiguration' of type [org.springframework.cloud.autoconfigure.ConfigurationPropertiesRebinderAutoConfiguration$$EnhancerBySpringCGLIB$$b0dc6b7d] is not eligible for getting processed by all BeanPostProcessors (for example: not eligible for auto-proxying)
2019-11-28 13:59:56.791  INFO MILOSG --- [           main] o.h.j.i.u.LogHelper                      : HHH000204: Processing PersistenceUnitInfo [name: persistenceUnit]
2019-11-28 13:59:56.861  INFO MILOSG --- [           main] o.h.Version                              : HHH000412: Hibernate Core {5.4.8.Final}
2019-11-28 13:59:57.003  INFO MILOSG --- [           main] o.h.a.c.Version                          : HCANN000001: Hibernate Commons Annotations {5.1.0.Final}
2019-11-28 13:59:57.227  INFO MILOSG --- [           main] o.h.d.Dialect                            : HHH000400: Using dialect: org.hibernate.dialect.PostgreSQLDialect
2019-11-28 13:59:58.285  INFO MILOSG --- [           main] o.h.e.t.j.p.i.JtaPlatformInitiator       : HHH000490: Using JtaPlatform implementation: [org.hibernate.engine.transaction.jta.platform.internal.NoJtaPlatform]
2019-11-28 13:59:58.292  INFO MILOSG --- [           main] j.LocalContainerEntityManagerFactoryBean : Initialized JPA EntityManagerFactory for persistence unit 'persistenceUnit'
2019-11-28 13:59:58.920  WARN MILOSG --- [           main] JpaBaseConfiguration$JpaWebConfiguration : spring.jpa.open-in-view is enabled by default. Therefore, database queries may be performed during view rendering. Explicitly configure spring.jpa.open-in-view to disable this warning
2019-11-28 13:59:59.443  WARN MILOSG --- [           main] c.n.c.s.URLConfigurationSource           : No URLs will be polled as dynamic configuration sources.
2019-11-28 13:59:59.443  INFO MILOSG --- [           main] c.n.c.s.URLConfigurationSource           : To enable URLs as dynamic configuration sources, define System property archaius.configurationSource.additionalUrls or make config.properties available on classpath.
2019-11-28 13:59:59.450  WARN MILOSG --- [           main] c.n.c.s.URLConfigurationSource           : No URLs will be polled as dynamic configuration sources.
2019-11-28 13:59:59.450  INFO MILOSG --- [           main] c.n.c.s.URLConfigurationSource           : To enable URLs as dynamic configuration sources, define System property archaius.configurationSource.additionalUrls or make config.properties available on classpath.
2019-11-28 13:59:59.681  INFO MILOSG --- [           main] o.s.s.c.ThreadPoolTaskExecutor           : Initializing ExecutorService 'applicationTaskExecutor'
2019-11-28 14:00:00.562  INFO MILOSG --- [           main] c.m.r.s.i.ItemServiceIT                  : Started ItemServiceIT in 7.911 seconds (JVM running for 10.012)
2019-11-28 14:00:00.906  INFO MILOSG --- [extShutdownHook] o.s.s.c.ThreadPoolTaskExecutor           : Shutting down ExecutorService 'applicationTaskExecutor'
2019-11-28 14:00:00.911  INFO MILOSG --- [extShutdownHook] j.LocalContainerEntityManagerFactoryBean : Closing JPA EntityManagerFactory for persistence unit 'persistenceUnit'
2019-11-28 14:01:56.602  INFO MILOSG --- [           main] .b.t.c.SpringBootTestContextBootstrapper : Neither @ContextConfiguration nor @ContextHierarchy found for test class [com.milos.releasemicroservice.service.integration.ItemServiceIT], using SpringBootContextLoader
2019-11-28 14:01:56.612  INFO MILOSG --- [           main] o.s.t.c.s.AbstractContextLoader          : Could not detect default resource locations for test class [com.milos.releasemicroservice.service.integration.ItemServiceIT]: no resource found for suffixes {-context.xml, Context.groovy}.
2019-11-28 14:01:56.613  INFO MILOSG --- [           main] t.c.s.AnnotationConfigContextLoaderUtils : Could not detect default configuration classes for test class [com.milos.releasemicroservice.service.integration.ItemServiceIT]: ItemServiceIT does not declare any static, non-private, non-final, nested classes annotated with @Configuration.
2019-11-28 14:01:56.716  INFO MILOSG --- [           main] .b.t.c.SpringBootTestContextBootstrapper : Found @SpringBootConfiguration com.milos.releasemicroservice.ReleaseMicroserviceApplication for test class com.milos.releasemicroservice.service.integration.ItemServiceIT
2019-11-28 14:01:56.792  INFO MILOSG --- [           main] .b.t.c.SpringBootTestContextBootstrapper : Loaded default TestExecutionListener class names from location [META-INF/spring.factories]: [org.springframework.boot.test.mock.mockito.MockitoTestExecutionListener, org.springframework.boot.test.mock.mockito.ResetMocksTestExecutionListener, org.springframework.boot.test.autoconfigure.restdocs.RestDocsTestExecutionListener, org.springframework.boot.test.autoconfigure.web.client.MockRestServiceServerResetTestExecutionListener, org.springframework.boot.test.autoconfigure.web.servlet.MockMvcPrintOnlyOnFailureTestExecutionListener, org.springframework.boot.test.autoconfigure.web.servlet.WebDriverTestExecutionListener, org.springframework.test.context.web.ServletTestExecutionListener, org.springframework.test.context.support.DirtiesContextBeforeModesTestExecutionListener, org.springframework.test.context.support.DependencyInjectionTestExecutionListener, org.springframework.test.context.support.DirtiesContextTestExecutionListener, org.springframework.test.context.transaction.TransactionalTestExecutionListener, org.springframework.test.context.jdbc.SqlScriptsTestExecutionListener, org.springframework.test.context.event.EventPublishingTestExecutionListener]
2019-11-28 14:01:56.807  INFO MILOSG --- [           main] .b.t.c.SpringBootTestContextBootstrapper : Using TestExecutionListeners: [org.springframework.test.context.web.ServletTestExecutionListener@5767b2af, org.springframework.test.context.support.DirtiesContextBeforeModesTestExecutionListener@7b22ec89, org.springframework.boot.test.mock.mockito.MockitoTestExecutionListener@790132f7, org.springframework.boot.test.autoconfigure.SpringBootDependencyInjectionTestExecutionListener@2228db21, org.springframework.test.context.support.DirtiesContextTestExecutionListener@48b0e701, org.springframework.test.context.transaction.TransactionalTestExecutionListener@241a0c3a, org.springframework.test.context.jdbc.SqlScriptsTestExecutionListener@547c04c4, org.springframework.test.context.event.EventPublishingTestExecutionListener@30e92cb9, org.springframework.boot.test.mock.mockito.ResetMocksTestExecutionListener@7fae4d4a, org.springframework.boot.test.autoconfigure.restdocs.RestDocsTestExecutionListener@ba1f559, org.springframework.boot.test.autoconfigure.web.client.MockRestServiceServerResetTestExecutionListener@3f4f9acd, org.springframework.boot.test.autoconfigure.web.servlet.MockMvcPrintOnlyOnFailureTestExecutionListener@46baf579, org.springframework.boot.test.autoconfigure.web.servlet.WebDriverTestExecutionListener@4bf324f9]
2019-11-28 14:01:57.711  INFO MILOSG --- [           main] trationDelegate$BeanPostProcessorChecker : Bean 'org.springframework.cloud.autoconfigure.ConfigurationPropertiesRebinderAutoConfiguration' of type [org.springframework.cloud.autoconfigure.ConfigurationPropertiesRebinderAutoConfiguration$$EnhancerBySpringCGLIB$$42dd1524] is not eligible for getting processed by all BeanPostProcessors (for example: not eligible for auto-proxying)
2019-11-28 14:01:58.195  INFO MILOSG --- [           main] c.c.c.ConfigServicePropertySourceLocator : Fetching config from server at : http://localhost:8888
2019-11-28 14:01:59.031  INFO MILOSG --- [           main] c.c.c.ConfigServicePropertySourceLocator : Located environment: name=release-database-microservice, profiles=[default], label=null, version=969599e065dc2961a233941bbcbc94a9dc2dee54, state=null
2019-11-28 14:01:59.031  INFO MILOSG --- [           main] b.c.PropertySourceBootstrapConfiguration : Located property source: OriginTrackedCompositePropertySource {name='configService', propertySources=[MapPropertySource {name='configClient'}, OriginTrackedMapPropertySource {name='file://C:/Users/Milos/Desktop/git-discogs-config-repo/release-database-microservice.properties'}]}
2019-11-28 14:01:59.041  INFO MILOSG --- [           main] c.m.r.s.i.ItemServiceIT                  : The following profiles are active: default
2019-11-28 14:01:59.693  INFO MILOSG --- [           main] .s.d.r.c.RepositoryConfigurationDelegate : Bootstrapping Spring Data repositories in DEFAULT mode.
2019-11-28 14:01:59.826  INFO MILOSG --- [           main] .s.d.r.c.RepositoryConfigurationDelegate : Finished Spring Data repository scanning in 125ms. Found 4 repository interfaces.
2019-11-28 14:02:00.067  INFO MILOSG --- [           main] o.s.c.c.s.GenericScope                   : BeanFactory id=61471b19-5b03-3dcf-b527-8640845b381c
2019-11-28 14:02:00.280  INFO MILOSG --- [           main] trationDelegate$BeanPostProcessorChecker : Bean 'org.springframework.transaction.annotation.ProxyTransactionManagementConfiguration' of type [org.springframework.transaction.annotation.ProxyTransactionManagementConfiguration] is not eligible for getting processed by all BeanPostProcessors (for example: not eligible for auto-proxying)
2019-11-28 14:02:00.325  INFO MILOSG --- [           main] trationDelegate$BeanPostProcessorChecker : Bean 'org.springframework.cloud.autoconfigure.ConfigurationPropertiesRebinderAutoConfiguration' of type [org.springframework.cloud.autoconfigure.ConfigurationPropertiesRebinderAutoConfiguration$$EnhancerBySpringCGLIB$$42dd1524] is not eligible for getting processed by all BeanPostProcessors (for example: not eligible for auto-proxying)
2019-11-28 14:02:00.990  INFO MILOSG --- [           main] o.h.j.i.u.LogHelper                      : HHH000204: Processing PersistenceUnitInfo [name: persistenceUnit]
2019-11-28 14:02:01.064  INFO MILOSG --- [           main] o.h.Version                              : HHH000412: Hibernate Core {5.4.8.Final}
2019-11-28 14:02:01.205  INFO MILOSG --- [           main] o.h.a.c.Version                          : HCANN000001: Hibernate Commons Annotations {5.1.0.Final}
2019-11-28 14:02:01.439  INFO MILOSG --- [           main] o.h.d.Dialect                            : HHH000400: Using dialect: org.hibernate.dialect.PostgreSQLDialect
2019-11-28 14:02:02.555  INFO MILOSG --- [           main] o.h.e.t.j.p.i.JtaPlatformInitiator       : HHH000490: Using JtaPlatform implementation: [org.hibernate.engine.transaction.jta.platform.internal.NoJtaPlatform]
2019-11-28 14:02:02.563  INFO MILOSG --- [           main] j.LocalContainerEntityManagerFactoryBean : Initialized JPA EntityManagerFactory for persistence unit 'persistenceUnit'
2019-11-28 14:02:03.167  WARN MILOSG --- [           main] JpaBaseConfiguration$JpaWebConfiguration : spring.jpa.open-in-view is enabled by default. Therefore, database queries may be performed during view rendering. Explicitly configure spring.jpa.open-in-view to disable this warning
2019-11-28 14:02:03.692  WARN MILOSG --- [           main] c.n.c.s.URLConfigurationSource           : No URLs will be polled as dynamic configuration sources.
2019-11-28 14:02:03.692  INFO MILOSG --- [           main] c.n.c.s.URLConfigurationSource           : To enable URLs as dynamic configuration sources, define System property archaius.configurationSource.additionalUrls or make config.properties available on classpath.
2019-11-28 14:02:03.702  WARN MILOSG --- [           main] c.n.c.s.URLConfigurationSource           : No URLs will be polled as dynamic configuration sources.
2019-11-28 14:02:03.702  INFO MILOSG --- [           main] c.n.c.s.URLConfigurationSource           : To enable URLs as dynamic configuration sources, define System property archaius.configurationSource.additionalUrls or make config.properties available on classpath.
2019-11-28 14:02:03.992  INFO MILOSG --- [           main] o.s.s.c.ThreadPoolTaskExecutor           : Initializing ExecutorService 'applicationTaskExecutor'
2019-11-28 14:02:05.020  INFO MILOSG --- [           main] c.m.r.s.i.ItemServiceIT                  : Started ItemServiceIT in 8.172 seconds (JVM running for 10.283)
2019-11-28 14:02:05.638  INFO MILOSG --- [extShutdownHook] o.s.s.c.ThreadPoolTaskExecutor           : Shutting down ExecutorService 'applicationTaskExecutor'
2019-11-28 14:02:05.643  INFO MILOSG --- [extShutdownHook] j.LocalContainerEntityManagerFactoryBean : Closing JPA EntityManagerFactory for persistence unit 'persistenceUnit'
2019-11-28 14:05:47.175  INFO MILOSG --- [           main] .b.t.c.SpringBootTestContextBootstrapper : Neither @ContextConfiguration nor @ContextHierarchy found for test class [com.milos.releasemicroservice.service.integration.ItemServiceIT], using SpringBootContextLoader
2019-11-28 14:05:47.183  INFO MILOSG --- [           main] o.s.t.c.s.AbstractContextLoader          : Could not detect default resource locations for test class [com.milos.releasemicroservice.service.integration.ItemServiceIT]: no resource found for suffixes {-context.xml, Context.groovy}.
2019-11-28 14:05:47.184  INFO MILOSG --- [           main] t.c.s.AnnotationConfigContextLoaderUtils : Could not detect default configuration classes for test class [com.milos.releasemicroservice.service.integration.ItemServiceIT]: ItemServiceIT does not declare any static, non-private, non-final, nested classes annotated with @Configuration.
2019-11-28 14:05:47.288  INFO MILOSG --- [           main] .b.t.c.SpringBootTestContextBootstrapper : Found @SpringBootConfiguration com.milos.releasemicroservice.ReleaseMicroserviceApplication for test class com.milos.releasemicroservice.service.integration.ItemServiceIT
2019-11-28 14:05:47.365  INFO MILOSG --- [           main] .b.t.c.SpringBootTestContextBootstrapper : Loaded default TestExecutionListener class names from location [META-INF/spring.factories]: [org.springframework.boot.test.mock.mockito.MockitoTestExecutionListener, org.springframework.boot.test.mock.mockito.ResetMocksTestExecutionListener, org.springframework.boot.test.autoconfigure.restdocs.RestDocsTestExecutionListener, org.springframework.boot.test.autoconfigure.web.client.MockRestServiceServerResetTestExecutionListener, org.springframework.boot.test.autoconfigure.web.servlet.MockMvcPrintOnlyOnFailureTestExecutionListener, org.springframework.boot.test.autoconfigure.web.servlet.WebDriverTestExecutionListener, org.springframework.test.context.web.ServletTestExecutionListener, org.springframework.test.context.support.DirtiesContextBeforeModesTestExecutionListener, org.springframework.test.context.support.DependencyInjectionTestExecutionListener, org.springframework.test.context.support.DirtiesContextTestExecutionListener, org.springframework.test.context.transaction.TransactionalTestExecutionListener, org.springframework.test.context.jdbc.SqlScriptsTestExecutionListener, org.springframework.test.context.event.EventPublishingTestExecutionListener]
2019-11-28 14:05:47.381  INFO MILOSG --- [           main] .b.t.c.SpringBootTestContextBootstrapper : Using TestExecutionListeners: [org.springframework.test.context.web.ServletTestExecutionListener@5767b2af, org.springframework.test.context.support.DirtiesContextBeforeModesTestExecutionListener@7b22ec89, org.springframework.boot.test.mock.mockito.MockitoTestExecutionListener@790132f7, org.springframework.boot.test.autoconfigure.SpringBootDependencyInjectionTestExecutionListener@2228db21, org.springframework.test.context.support.DirtiesContextTestExecutionListener@48b0e701, org.springframework.test.context.transaction.TransactionalTestExecutionListener@241a0c3a, org.springframework.test.context.jdbc.SqlScriptsTestExecutionListener@547c04c4, org.springframework.test.context.event.EventPublishingTestExecutionListener@30e92cb9, org.springframework.boot.test.mock.mockito.ResetMocksTestExecutionListener@7fae4d4a, org.springframework.boot.test.autoconfigure.restdocs.RestDocsTestExecutionListener@ba1f559, org.springframework.boot.test.autoconfigure.web.client.MockRestServiceServerResetTestExecutionListener@3f4f9acd, org.springframework.boot.test.autoconfigure.web.servlet.MockMvcPrintOnlyOnFailureTestExecutionListener@46baf579, org.springframework.boot.test.autoconfigure.web.servlet.WebDriverTestExecutionListener@4bf324f9]
2019-11-28 14:05:48.319  INFO MILOSG --- [           main] trationDelegate$BeanPostProcessorChecker : Bean 'org.springframework.cloud.autoconfigure.ConfigurationPropertiesRebinderAutoConfiguration' of type [org.springframework.cloud.autoconfigure.ConfigurationPropertiesRebinderAutoConfiguration$$EnhancerBySpringCGLIB$$b0dc6b7d] is not eligible for getting processed by all BeanPostProcessors (for example: not eligible for auto-proxying)
2019-11-28 14:05:48.793  INFO MILOSG --- [           main] c.c.c.ConfigServicePropertySourceLocator : Fetching config from server at : http://localhost:8888
2019-11-28 14:05:49.649  INFO MILOSG --- [           main] c.c.c.ConfigServicePropertySourceLocator : Located environment: name=release-database-microservice, profiles=[default], label=null, version=969599e065dc2961a233941bbcbc94a9dc2dee54, state=null
2019-11-28 14:05:49.650  INFO MILOSG --- [           main] b.c.PropertySourceBootstrapConfiguration : Located property source: OriginTrackedCompositePropertySource {name='configService', propertySources=[MapPropertySource {name='configClient'}, OriginTrackedMapPropertySource {name='file://C:/Users/Milos/Desktop/git-discogs-config-repo/release-database-microservice.properties'}]}
2019-11-28 14:05:49.660  INFO MILOSG --- [           main] c.m.r.s.i.ItemServiceIT                  : The following profiles are active: default
2019-11-28 14:05:50.364  INFO MILOSG --- [           main] .s.d.r.c.RepositoryConfigurationDelegate : Bootstrapping Spring Data repositories in DEFAULT mode.
2019-11-28 14:05:50.538  INFO MILOSG --- [           main] .s.d.r.c.RepositoryConfigurationDelegate : Finished Spring Data repository scanning in 165ms. Found 4 repository interfaces.
2019-11-28 14:05:50.759  INFO MILOSG --- [           main] o.s.c.c.s.GenericScope                   : BeanFactory id=61471b19-5b03-3dcf-b527-8640845b381c
2019-11-28 14:05:50.995  INFO MILOSG --- [           main] trationDelegate$BeanPostProcessorChecker : Bean 'org.springframework.transaction.annotation.ProxyTransactionManagementConfiguration' of type [org.springframework.transaction.annotation.ProxyTransactionManagementConfiguration] is not eligible for getting processed by all BeanPostProcessors (for example: not eligible for auto-proxying)
2019-11-28 14:05:51.067  INFO MILOSG --- [           main] trationDelegate$BeanPostProcessorChecker : Bean 'org.springframework.cloud.autoconfigure.ConfigurationPropertiesRebinderAutoConfiguration' of type [org.springframework.cloud.autoconfigure.ConfigurationPropertiesRebinderAutoConfiguration$$EnhancerBySpringCGLIB$$b0dc6b7d] is not eligible for getting processed by all BeanPostProcessors (for example: not eligible for auto-proxying)
2019-11-28 14:05:51.796  INFO MILOSG --- [           main] o.h.j.i.u.LogHelper                      : HHH000204: Processing PersistenceUnitInfo [name: persistenceUnit]
2019-11-28 14:05:51.869  INFO MILOSG --- [           main] o.h.Version                              : HHH000412: Hibernate Core {5.4.8.Final}
2019-11-28 14:05:52.010  INFO MILOSG --- [           main] o.h.a.c.Version                          : HCANN000001: Hibernate Commons Annotations {5.1.0.Final}
2019-11-28 14:05:52.232  INFO MILOSG --- [           main] o.h.d.Dialect                            : HHH000400: Using dialect: org.hibernate.dialect.PostgreSQLDialect
2019-11-28 14:05:53.327  INFO MILOSG --- [           main] o.h.e.t.j.p.i.JtaPlatformInitiator       : HHH000490: Using JtaPlatform implementation: [org.hibernate.engine.transaction.jta.platform.internal.NoJtaPlatform]
2019-11-28 14:05:53.333  INFO MILOSG --- [           main] j.LocalContainerEntityManagerFactoryBean : Initialized JPA EntityManagerFactory for persistence unit 'persistenceUnit'
2019-11-28 14:05:53.934  WARN MILOSG --- [           main] JpaBaseConfiguration$JpaWebConfiguration : spring.jpa.open-in-view is enabled by default. Therefore, database queries may be performed during view rendering. Explicitly configure spring.jpa.open-in-view to disable this warning
2019-11-28 14:05:54.442  WARN MILOSG --- [           main] c.n.c.s.URLConfigurationSource           : No URLs will be polled as dynamic configuration sources.
2019-11-28 14:05:54.443  INFO MILOSG --- [           main] c.n.c.s.URLConfigurationSource           : To enable URLs as dynamic configuration sources, define System property archaius.configurationSource.additionalUrls or make config.properties available on classpath.
2019-11-28 14:05:54.452  WARN MILOSG --- [           main] c.n.c.s.URLConfigurationSource           : No URLs will be polled as dynamic configuration sources.
2019-11-28 14:05:54.452  INFO MILOSG --- [           main] c.n.c.s.URLConfigurationSource           : To enable URLs as dynamic configuration sources, define System property archaius.configurationSource.additionalUrls or make config.properties available on classpath.
2019-11-28 14:05:54.749  INFO MILOSG --- [           main] o.s.s.c.ThreadPoolTaskExecutor           : Initializing ExecutorService 'applicationTaskExecutor'
2019-11-28 14:05:55.616  INFO MILOSG --- [           main] c.m.r.s.i.ItemServiceIT                  : Started ItemServiceIT in 8.192 seconds (JVM running for 10.326)
2019-11-28 14:05:56.149  INFO MILOSG --- [extShutdownHook] o.s.s.c.ThreadPoolTaskExecutor           : Shutting down ExecutorService 'applicationTaskExecutor'
2019-11-28 14:05:56.155  INFO MILOSG --- [extShutdownHook] j.LocalContainerEntityManagerFactoryBean : Closing JPA EntityManagerFactory for persistence unit 'persistenceUnit'
2019-11-28 14:17:27.734  INFO MILOSG --- [           main] .b.t.c.SpringBootTestContextBootstrapper : Neither @ContextConfiguration nor @ContextHierarchy found for test class [com.milos.releasemicroservice.service.integration.ItemServiceIT], using SpringBootContextLoader
2019-11-28 14:17:27.744  INFO MILOSG --- [           main] o.s.t.c.s.AbstractContextLoader          : Could not detect default resource locations for test class [com.milos.releasemicroservice.service.integration.ItemServiceIT]: no resource found for suffixes {-context.xml, Context.groovy}.
2019-11-28 14:17:27.744  INFO MILOSG --- [           main] t.c.s.AnnotationConfigContextLoaderUtils : Could not detect default configuration classes for test class [com.milos.releasemicroservice.service.integration.ItemServiceIT]: ItemServiceIT does not declare any static, non-private, non-final, nested classes annotated with @Configuration.
2019-11-28 14:17:27.852  INFO MILOSG --- [           main] .b.t.c.SpringBootTestContextBootstrapper : Found @SpringBootConfiguration com.milos.releasemicroservice.ReleaseMicroserviceApplication for test class com.milos.releasemicroservice.service.integration.ItemServiceIT
2019-11-28 14:17:27.932  INFO MILOSG --- [           main] .b.t.c.SpringBootTestContextBootstrapper : Loaded default TestExecutionListener class names from location [META-INF/spring.factories]: [org.springframework.boot.test.mock.mockito.MockitoTestExecutionListener, org.springframework.boot.test.mock.mockito.ResetMocksTestExecutionListener, org.springframework.boot.test.autoconfigure.restdocs.RestDocsTestExecutionListener, org.springframework.boot.test.autoconfigure.web.client.MockRestServiceServerResetTestExecutionListener, org.springframework.boot.test.autoconfigure.web.servlet.MockMvcPrintOnlyOnFailureTestExecutionListener, org.springframework.boot.test.autoconfigure.web.servlet.WebDriverTestExecutionListener, org.springframework.test.context.web.ServletTestExecutionListener, org.springframework.test.context.support.DirtiesContextBeforeModesTestExecutionListener, org.springframework.test.context.support.DependencyInjectionTestExecutionListener, org.springframework.test.context.support.DirtiesContextTestExecutionListener, org.springframework.test.context.transaction.TransactionalTestExecutionListener, org.springframework.test.context.jdbc.SqlScriptsTestExecutionListener, org.springframework.test.context.event.EventPublishingTestExecutionListener]
2019-11-28 14:17:27.949  INFO MILOSG --- [           main] .b.t.c.SpringBootTestContextBootstrapper : Using TestExecutionListeners: [org.springframework.test.context.web.ServletTestExecutionListener@5767b2af, org.springframework.test.context.support.DirtiesContextBeforeModesTestExecutionListener@7b22ec89, org.springframework.boot.test.mock.mockito.MockitoTestExecutionListener@790132f7, org.springframework.boot.test.autoconfigure.SpringBootDependencyInjectionTestExecutionListener@2228db21, org.springframework.test.context.support.DirtiesContextTestExecutionListener@48b0e701, org.springframework.test.context.transaction.TransactionalTestExecutionListener@241a0c3a, org.springframework.test.context.jdbc.SqlScriptsTestExecutionListener@547c04c4, org.springframework.test.context.event.EventPublishingTestExecutionListener@30e92cb9, org.springframework.boot.test.mock.mockito.ResetMocksTestExecutionListener@7fae4d4a, org.springframework.boot.test.autoconfigure.restdocs.RestDocsTestExecutionListener@ba1f559, org.springframework.boot.test.autoconfigure.web.client.MockRestServiceServerResetTestExecutionListener@3f4f9acd, org.springframework.boot.test.autoconfigure.web.servlet.MockMvcPrintOnlyOnFailureTestExecutionListener@46baf579, org.springframework.boot.test.autoconfigure.web.servlet.WebDriverTestExecutionListener@4bf324f9]
2019-11-28 14:17:28.846  INFO MILOSG --- [           main] trationDelegate$BeanPostProcessorChecker : Bean 'org.springframework.cloud.autoconfigure.ConfigurationPropertiesRebinderAutoConfiguration' of type [org.springframework.cloud.autoconfigure.ConfigurationPropertiesRebinderAutoConfiguration$$EnhancerBySpringCGLIB$$42dd1524] is not eligible for getting processed by all BeanPostProcessors (for example: not eligible for auto-proxying)
2019-11-28 14:17:29.280  INFO MILOSG --- [           main] c.c.c.ConfigServicePropertySourceLocator : Fetching config from server at : http://localhost:8888
2019-11-28 14:17:30.117  INFO MILOSG --- [           main] c.c.c.ConfigServicePropertySourceLocator : Located environment: name=release-database-microservice, profiles=[default], label=null, version=969599e065dc2961a233941bbcbc94a9dc2dee54, state=null
2019-11-28 14:17:30.118  INFO MILOSG --- [           main] b.c.PropertySourceBootstrapConfiguration : Located property source: OriginTrackedCompositePropertySource {name='configService', propertySources=[MapPropertySource {name='configClient'}, OriginTrackedMapPropertySource {name='file://C:/Users/Milos/Desktop/git-discogs-config-repo/release-database-microservice.properties'}]}
2019-11-28 14:17:30.131  INFO MILOSG --- [           main] c.m.r.s.i.ItemServiceIT                  : The following profiles are active: default
2019-11-28 14:17:30.853  INFO MILOSG --- [           main] .s.d.r.c.RepositoryConfigurationDelegate : Bootstrapping Spring Data repositories in DEFAULT mode.
2019-11-28 14:17:30.989  INFO MILOSG --- [           main] .s.d.r.c.RepositoryConfigurationDelegate : Finished Spring Data repository scanning in 126ms. Found 4 repository interfaces.
2019-11-28 14:17:31.183  INFO MILOSG --- [           main] o.s.c.c.s.GenericScope                   : BeanFactory id=61471b19-5b03-3dcf-b527-8640845b381c
2019-11-28 14:17:31.401  INFO MILOSG --- [           main] trationDelegate$BeanPostProcessorChecker : Bean 'org.springframework.transaction.annotation.ProxyTransactionManagementConfiguration' of type [org.springframework.transaction.annotation.ProxyTransactionManagementConfiguration] is not eligible for getting processed by all BeanPostProcessors (for example: not eligible for auto-proxying)
2019-11-28 14:17:31.444  INFO MILOSG --- [           main] trationDelegate$BeanPostProcessorChecker : Bean 'org.springframework.cloud.autoconfigure.ConfigurationPropertiesRebinderAutoConfiguration' of type [org.springframework.cloud.autoconfigure.ConfigurationPropertiesRebinderAutoConfiguration$$EnhancerBySpringCGLIB$$42dd1524] is not eligible for getting processed by all BeanPostProcessors (for example: not eligible for auto-proxying)
2019-11-28 14:17:32.138  INFO MILOSG --- [           main] o.h.j.i.u.LogHelper                      : HHH000204: Processing PersistenceUnitInfo [name: persistenceUnit]
2019-11-28 14:17:32.208  INFO MILOSG --- [           main] o.h.Version                              : HHH000412: Hibernate Core {5.4.8.Final}
2019-11-28 14:17:32.337  INFO MILOSG --- [           main] o.h.a.c.Version                          : HCANN000001: Hibernate Commons Annotations {5.1.0.Final}
2019-11-28 14:17:32.579  INFO MILOSG --- [           main] o.h.d.Dialect                            : HHH000400: Using dialect: org.hibernate.dialect.PostgreSQLDialect
2019-11-28 14:17:33.613  INFO MILOSG --- [           main] o.h.e.t.j.p.i.JtaPlatformInitiator       : HHH000490: Using JtaPlatform implementation: [org.hibernate.engine.transaction.jta.platform.internal.NoJtaPlatform]
2019-11-28 14:17:33.619  INFO MILOSG --- [           main] j.LocalContainerEntityManagerFactoryBean : Initialized JPA EntityManagerFactory for persistence unit 'persistenceUnit'
2019-11-28 14:17:34.211  WARN MILOSG --- [           main] JpaBaseConfiguration$JpaWebConfiguration : spring.jpa.open-in-view is enabled by default. Therefore, database queries may be performed during view rendering. Explicitly configure spring.jpa.open-in-view to disable this warning
2019-11-28 14:17:34.715  WARN MILOSG --- [           main] c.n.c.s.URLConfigurationSource           : No URLs will be polled as dynamic configuration sources.
2019-11-28 14:17:34.715  INFO MILOSG --- [           main] c.n.c.s.URLConfigurationSource           : To enable URLs as dynamic configuration sources, define System property archaius.configurationSource.additionalUrls or make config.properties available on classpath.
2019-11-28 14:17:34.722  WARN MILOSG --- [           main] c.n.c.s.URLConfigurationSource           : No URLs will be polled as dynamic configuration sources.
2019-11-28 14:17:34.722  INFO MILOSG --- [           main] c.n.c.s.URLConfigurationSource           : To enable URLs as dynamic configuration sources, define System property archaius.configurationSource.additionalUrls or make config.properties available on classpath.
2019-11-28 14:17:34.975  INFO MILOSG --- [           main] o.s.s.c.ThreadPoolTaskExecutor           : Initializing ExecutorService 'applicationTaskExecutor'
2019-11-28 14:17:35.804  INFO MILOSG --- [           main] c.m.r.s.i.ItemServiceIT                  : Started ItemServiceIT in 7.813 seconds (JVM running for 9.898)
2019-11-28 14:17:36.157  INFO MILOSG --- [extShutdownHook] o.s.s.c.ThreadPoolTaskExecutor           : Shutting down ExecutorService 'applicationTaskExecutor'
2019-11-28 14:17:36.161  INFO MILOSG --- [extShutdownHook] j.LocalContainerEntityManagerFactoryBean : Closing JPA EntityManagerFactory for persistence unit 'persistenceUnit'
